09:39:28: 
*** FAILURE - ios_app:Dell iPhone - Non-Instrumented - Thread-1: Iteration - 1 - Success Rate: 0/1 = 0.0    Time - 0s ***
09:39:28:   ios_app:Dell iPhone - com.experitest.client.InternalException: Exception caught while executing click: Element was not identified: 'xpath=//*[@text='World Clock' and (@knownSuperClass='UITabBarButton' or @class='UIAButton')]' at zone NATIVE
	at com.experitest.client.JavaClientInternals.executeInternally(JavaClientInternals.java:234)
	at com.experitest.client.Client.execute(Client.java:237)
	at com.experitest.client.Client.click(Client.java:436)
	at FrameWork.MyClient.click(MyClient.java:65)
	at Tests.NonInstrumented.IOSRunTest(NonInstrumented.java:58)
	at FrameWork.AbsTest.Execute(AbsTest.java:81)
	at FrameWork.AbsTest.runTest(AbsTest.java:58)
	at FrameWork.Suite.run(Suite.java:33)
	at java.lang.Thread.run(Thread.java:745)

09:39:39: 
*** FAILURE - ios_app:Ipad mini 2 white - Non-Instrumented - Thread-0: Iteration - 1 - Success Rate: 0/1 = 0.0    Time - 0s ***
09:39:39:   ios_app:Ipad mini 2 white - com.experitest.client.InternalException: Exception caught while executing click: Element was not identified: 'xpath=//*[@text='Add' and @x>0 and @onScreen='true']' at zone NATIVE
	at com.experitest.client.JavaClientInternals.executeInternally(JavaClientInternals.java:234)
	at com.experitest.client.Client.execute(Client.java:237)
	at com.experitest.client.Client.click(Client.java:436)
	at FrameWork.MyClient.click(MyClient.java:65)
	at Tests.NonInstrumented.IOSRunTest(NonInstrumented.java:63)
	at FrameWork.AbsTest.Execute(AbsTest.java:81)
	at FrameWork.AbsTest.runTest(AbsTest.java:58)
	at FrameWork.Suite.run(Suite.java:33)
	at java.lang.Thread.run(Thread.java:745)

09:41:35: 
*** FAILURE - ios_app:Ipad mini 2 white - Non-Instrumented - Thread-0: Iteration - 2 - Success Rate: 0/2 = 0.0    Time - 0s ***
09:41:35:   ios_app:Ipad mini 2 white - com.experitest.client.InternalException: Exception caught while executing click: Element was not identified: 'xpath=//*[@text='Add' and @x>0 and @onScreen='true']' at zone NATIVE
	at com.experitest.client.JavaClientInternals.executeInternally(JavaClientInternals.java:234)
	at com.experitest.client.Client.execute(Client.java:237)
	at com.experitest.client.Client.click(Client.java:436)
	at FrameWork.MyClient.click(MyClient.java:65)
	at Tests.NonInstrumented.IOSRunTest(NonInstrumented.java:63)
	at FrameWork.AbsTest.Execute(AbsTest.java:81)
	at FrameWork.AbsTest.runTest(AbsTest.java:58)
	at FrameWork.Suite.run(Suite.java:33)
	at java.lang.Thread.run(Thread.java:745)

09:41:58: SUCCESS - ios_app:Dell iPhone - Non-Instrumented - Thread-1: Iteration - 2 - Success Rate: 1/2 = 0    Time - 49s
09:42:49: SUCCESS - ios_app:Dell iPhone - Non-Instrumented - Thread-1: Iteration - 3 - Success Rate: 2/3 = 0    Time - 47s
09:43:41: SUCCESS - ios_app:Dell iPhone - Non-Instrumented - Thread-1: Iteration - 4 - Success Rate: 3/4 = 0    Time - 49s
09:44:04: SUCCESS - ios_app:Ipad mini 2 white - Non-Instrumented - Thread-0: Iteration - 3 - Success Rate: 1/3 = 0    Time - 72s
09:44:35: SUCCESS - ios_app:Dell iPhone - Non-Instrumented - Thread-1: Iteration - 5 - Success Rate: 4/5 = 0    Time - 50s
09:45:20: SUCCESS - ios_app:Ipad mini 2 white - Non-Instrumented - Thread-0: Iteration - 4 - Success Rate: 2/4 = 0    Time - 72s
09:46:35: SUCCESS - ios_app:Ipad mini 2 white - Non-Instrumented - Thread-0: Iteration - 5 - Success Rate: 3/5 = 0    Time - 72s
09:47:18: 
*** FAILURE - ios_app:Dell iPhone - Web - Thread-1: Iteration - 1 - Success Rate: 0/1 = 0.0    Time - 0s ***
09:47:18:   ios_app:Dell iPhone - com.experitest.client.InternalException: Exception caught while executing swipeWhileNotFound: Error in element search 'xpath=//*[@id='wpCreateaccount' and @onScreen='true']': Could not perform operation: start point is not within the bounds of the screen
	at com.experitest.client.JavaClientInternals.executeInternally(JavaClientInternals.java:234)
	at com.experitest.client.Client.execute(Client.java:237)
	at com.experitest.client.Client.swipeWhileNotFound(Client.java:2053)
	at Tests.Web.IOSRunTest(Web.java:94)
	at FrameWork.AbsTest.Execute(AbsTest.java:81)
	at FrameWork.AbsTest.runTest(AbsTest.java:58)
	at FrameWork.Suite.run(Suite.java:35)
	at java.lang.Thread.run(Thread.java:745)

